#! /c/Source/iverilog-install/bin/vvp
:ivl_version "12.0 (devel)" "(s20150603-1539-g2693dd32b)";
:ivl_delay_selection "TYPICAL";
:vpi_time_precision - 12;
:vpi_module "C:\iverilog\lib\ivl\system.vpi";
:vpi_module "C:\iverilog\lib\ivl\vhdl_sys.vpi";
:vpi_module "C:\iverilog\lib\ivl\vhdl_textio.vpi";
:vpi_module "C:\iverilog\lib\ivl\v2005_math.vpi";
:vpi_module "C:\iverilog\lib\ivl\va_math.vpi";
S_00000292baf72720 .scope module, "tb_traffic" "tb_traffic" 2 3;
 .timescale -9 -12;
v00000292baffe170_0 .var "clk", 0 0;
v00000292bafa38e0_0 .net "debug", 2 0, L_00000292bafae8a0;  1 drivers
v00000292bafa3340_0 .net "east", 0 0, v00000292baf72ae0_0;  1 drivers
v00000292bafa3200_0 .var "night_mode", 0 0;
v00000292bafa2ee0_0 .net "north", 0 0, v00000292bafae290_0;  1 drivers
v00000292bafa3020_0 .var "reset", 0 0;
v00000292bafa37a0_0 .net "south", 0 0, v00000292bafae3d0_0;  1 drivers
v00000292bafa3520_0 .net "west", 0 0, v00000292baffe0d0_0;  1 drivers
S_00000292baf728b0 .scope module, "uut" "traffic_light_controller" 2 13, 3 1 0, S_00000292baf72720;
 .timescale 0 0;
    .port_info 0 /INPUT 1 "clk";
    .port_info 1 /INPUT 1 "reset";
    .port_info 2 /INPUT 1 "night_mode";
    .port_info 3 /OUTPUT 1 "north";
    .port_info 4 /OUTPUT 1 "east";
    .port_info 5 /OUTPUT 1 "south";
    .port_info 6 /OUTPUT 1 "west";
    .port_info 7 /OUTPUT 3 "debug";
P_00000292bafae050 .param/l "GREEN_TIME" 0 3 21, +C4<00000000000000000000000000000011>;
P_00000292bafae088 .param/l "RED_TIME" 0 3 22, +C4<00000000000000000000000000000001>;
P_00000292bafae0c0 .param/l "S0" 0 3 17, +C4<00000000000000000000000000000000>;
P_00000292bafae0f8 .param/l "S1" 0 3 17, +C4<00000000000000000000000000000001>;
P_00000292bafae130 .param/l "S2" 0 3 17, +C4<00000000000000000000000000000010>;
P_00000292bafae168 .param/l "S3" 0 3 17, +C4<00000000000000000000000000000011>;
P_00000292bafae1a0 .param/l "S4" 0 3 18, +C4<00000000000000000000000000000100>;
P_00000292bafae1d8 .param/l "S5" 0 3 18, +C4<00000000000000000000000000000101>;
P_00000292bafae210 .param/l "S6" 0 3 18, +C4<00000000000000000000000000000110>;
P_00000292bafae248 .param/l "S7" 0 3 18, +C4<00000000000000000000000000000111>;
L_00000292bafae8a0 .functor BUFZ 3, v00000292baffe030_0, C4<000>, C4<000>, C4<000>;
v00000292baf97f20_0 .net "clk", 0 0, v00000292baffe170_0;  1 drivers
v00000292baf72d60_0 .var "counter", 3 0;
v00000292baf72a40_0 .net "debug", 2 0, L_00000292bafae8a0;  alias, 1 drivers
v00000292baf72ae0_0 .var "east", 0 0;
v00000292baf9cf40_0 .var "next_state", 2 0;
v00000292baf9cfe0_0 .net "night_mode", 0 0, v00000292bafa3200_0;  1 drivers
v00000292bafae290_0 .var "north", 0 0;
v00000292bafae330_0 .net "reset", 0 0, v00000292bafa3020_0;  1 drivers
v00000292bafae3d0_0 .var "south", 0 0;
v00000292baffe030_0 .var "state", 2 0;
v00000292baffe0d0_0 .var "west", 0 0;
E_00000292baf99b40 .event anyedge, v00000292baf9cfe0_0, v00000292baf72d60_0, v00000292baffe030_0;
E_00000292baf99480 .event anyedge, v00000292baffe030_0;
E_00000292baf99840 .event posedge, v00000292bafae330_0, v00000292baf97f20_0;
    .scope S_00000292baf728b0;
T_0 ;
    %wait E_00000292baf99840;
    %load/vec4 v00000292bafae330_0;
    %flag_set/vec4 8;
    %jmp/0xz  T_0.0, 8;
    %pushi/vec4 0, 0, 3;
    %assign/vec4 v00000292baffe030_0, 0;
    %jmp T_0.1;
T_0.0 ;
    %load/vec4 v00000292baf9cfe0_0;
    %flag_set/vec4 8;
    %jmp/0xz  T_0.2, 8;
    %pushi/vec4 0, 0, 3;
    %assign/vec4 v00000292baffe030_0, 0;
    %jmp T_0.3;
T_0.2 ;
    %load/vec4 v00000292baf72d60_0;
    %pad/u 32;
    %cmpi/e 0, 0, 32;
    %jmp/0xz  T_0.4, 4;
    %load/vec4 v00000292baf9cf40_0;
    %assign/vec4 v00000292baffe030_0, 0;
T_0.4 ;
T_0.3 ;
T_0.1 ;
    %jmp T_0;
    .thread T_0;
    .scope S_00000292baf728b0;
T_1 ;
    %wait E_00000292baf99840;
    %load/vec4 v00000292bafae330_0;
    %flag_set/vec4 8;
    %jmp/0xz  T_1.0, 8;
    %pushi/vec4 3, 0, 4;
    %assign/vec4 v00000292baf72d60_0, 0;
    %jmp T_1.1;
T_1.0 ;
    %load/vec4 v00000292baf72d60_0;
    %pad/u 32;
    %cmpi/e 0, 0, 32;
    %jmp/0xz  T_1.2, 4;
    %load/vec4 v00000292baffe030_0;
    %dup/vec4;
    %pushi/vec4 0, 0, 3;
    %cmp/u;
    %jmp/1 T_1.4, 6;
    %dup/vec4;
    %pushi/vec4 2, 0, 3;
    %cmp/u;
    %jmp/1 T_1.5, 6;
    %dup/vec4;
    %pushi/vec4 4, 0, 3;
    %cmp/u;
    %jmp/1 T_1.6, 6;
    %dup/vec4;
    %pushi/vec4 6, 0, 3;
    %cmp/u;
    %jmp/1 T_1.7, 6;
    %pushi/vec4 3, 0, 4;
    %assign/vec4 v00000292baf72d60_0, 0;
    %jmp T_1.9;
T_1.4 ;
    %pushi/vec4 1, 0, 4;
    %assign/vec4 v00000292baf72d60_0, 0;
    %jmp T_1.9;
T_1.5 ;
    %pushi/vec4 1, 0, 4;
    %assign/vec4 v00000292baf72d60_0, 0;
    %jmp T_1.9;
T_1.6 ;
    %pushi/vec4 1, 0, 4;
    %assign/vec4 v00000292baf72d60_0, 0;
    %jmp T_1.9;
T_1.7 ;
    %pushi/vec4 1, 0, 4;
    %assign/vec4 v00000292baf72d60_0, 0;
    %jmp T_1.9;
T_1.9 ;
    %pop/vec4 1;
    %jmp T_1.3;
T_1.2 ;
    %load/vec4 v00000292baf72d60_0;
    %subi 1, 0, 4;
    %assign/vec4 v00000292baf72d60_0, 0;
T_1.3 ;
T_1.1 ;
    %jmp T_1;
    .thread T_1;
    .scope S_00000292baf728b0;
T_2 ;
    %wait E_00000292baf99480;
    %load/vec4 v00000292baffe030_0;
    %dup/vec4;
    %pushi/vec4 0, 0, 3;
    %cmp/u;
    %jmp/1 T_2.0, 6;
    %dup/vec4;
    %pushi/vec4 1, 0, 3;
    %cmp/u;
    %jmp/1 T_2.1, 6;
    %dup/vec4;
    %pushi/vec4 2, 0, 3;
    %cmp/u;
    %jmp/1 T_2.2, 6;
    %dup/vec4;
    %pushi/vec4 3, 0, 3;
    %cmp/u;
    %jmp/1 T_2.3, 6;
    %dup/vec4;
    %pushi/vec4 4, 0, 3;
    %cmp/u;
    %jmp/1 T_2.4, 6;
    %dup/vec4;
    %pushi/vec4 5, 0, 3;
    %cmp/u;
    %jmp/1 T_2.5, 6;
    %dup/vec4;
    %pushi/vec4 6, 0, 3;
    %cmp/u;
    %jmp/1 T_2.6, 6;
    %dup/vec4;
    %pushi/vec4 7, 0, 3;
    %cmp/u;
    %jmp/1 T_2.7, 6;
    %pushi/vec4 0, 0, 3;
    %store/vec4 v00000292baf9cf40_0, 0, 3;
    %jmp T_2.9;
T_2.0 ;
    %pushi/vec4 1, 0, 3;
    %store/vec4 v00000292baf9cf40_0, 0, 3;
    %jmp T_2.9;
T_2.1 ;
    %pushi/vec4 2, 0, 3;
    %store/vec4 v00000292baf9cf40_0, 0, 3;
    %jmp T_2.9;
T_2.2 ;
    %pushi/vec4 3, 0, 3;
    %store/vec4 v00000292baf9cf40_0, 0, 3;
    %jmp T_2.9;
T_2.3 ;
    %pushi/vec4 4, 0, 3;
    %store/vec4 v00000292baf9cf40_0, 0, 3;
    %jmp T_2.9;
T_2.4 ;
    %pushi/vec4 5, 0, 3;
    %store/vec4 v00000292baf9cf40_0, 0, 3;
    %jmp T_2.9;
T_2.5 ;
    %pushi/vec4 6, 0, 3;
    %store/vec4 v00000292baf9cf40_0, 0, 3;
    %jmp T_2.9;
T_2.6 ;
    %pushi/vec4 7, 0, 3;
    %store/vec4 v00000292baf9cf40_0, 0, 3;
    %jmp T_2.9;
T_2.7 ;
    %pushi/vec4 0, 0, 3;
    %store/vec4 v00000292baf9cf40_0, 0, 3;
    %jmp T_2.9;
T_2.9 ;
    %pop/vec4 1;
    %jmp T_2;
    .thread T_2, $push;
    .scope S_00000292baf728b0;
T_3 ;
    %wait E_00000292baf99b40;
    %pushi/vec4 0, 0, 1;
    %store/vec4 v00000292bafae290_0, 0, 1;
    %pushi/vec4 0, 0, 1;
    %store/vec4 v00000292baf72ae0_0, 0, 1;
    %pushi/vec4 0, 0, 1;
    %store/vec4 v00000292bafae3d0_0, 0, 1;
    %pushi/vec4 0, 0, 1;
    %store/vec4 v00000292baffe0d0_0, 0, 1;
    %load/vec4 v00000292baf9cfe0_0;
    %flag_set/vec4 8;
    %jmp/0xz  T_3.0, 8;
    %load/vec4 v00000292baf72d60_0;
    %parti/s 1, 0, 2;
    %store/vec4 v00000292bafae290_0, 0, 1;
    %load/vec4 v00000292baf72d60_0;
    %parti/s 1, 0, 2;
    %store/vec4 v00000292baf72ae0_0, 0, 1;
    %load/vec4 v00000292baf72d60_0;
    %parti/s 1, 0, 2;
    %store/vec4 v00000292bafae3d0_0, 0, 1;
    %load/vec4 v00000292baf72d60_0;
    %parti/s 1, 0, 2;
    %store/vec4 v00000292baffe0d0_0, 0, 1;
    %jmp T_3.1;
T_3.0 ;
    %load/vec4 v00000292baffe030_0;
    %dup/vec4;
    %pushi/vec4 0, 0, 3;
    %cmp/u;
    %jmp/1 T_3.2, 6;
    %dup/vec4;
    %pushi/vec4 2, 0, 3;
    %cmp/u;
    %jmp/1 T_3.3, 6;
    %dup/vec4;
    %pushi/vec4 4, 0, 3;
    %cmp/u;
    %jmp/1 T_3.4, 6;
    %dup/vec4;
    %pushi/vec4 6, 0, 3;
    %cmp/u;
    %jmp/1 T_3.5, 6;
    %jmp T_3.6;
T_3.2 ;
    %pushi/vec4 1, 0, 1;
    %store/vec4 v00000292bafae290_0, 0, 1;
    %jmp T_3.6;
T_3.3 ;
    %pushi/vec4 1, 0, 1;
    %store/vec4 v00000292baf72ae0_0, 0, 1;
    %jmp T_3.6;
T_3.4 ;
    %pushi/vec4 1, 0, 1;
    %store/vec4 v00000292bafae3d0_0, 0, 1;
    %jmp T_3.6;
T_3.5 ;
    %pushi/vec4 1, 0, 1;
    %store/vec4 v00000292baffe0d0_0, 0, 1;
    %jmp T_3.6;
T_3.6 ;
    %pop/vec4 1;
T_3.1 ;
    %jmp T_3;
    .thread T_3, $push;
    .scope S_00000292baf72720;
T_4 ;
    %delay 5000, 0;
    %load/vec4 v00000292baffe170_0;
    %inv;
    %store/vec4 v00000292baffe170_0, 0, 1;
    %jmp T_4;
    .thread T_4;
    .scope S_00000292baf72720;
T_5 ;
    %vpi_call 2 29 "$dumpfile", "traffic.vcd" {0 0 0};
    %vpi_call 2 30 "$dumpvars", 32'sb00000000000000000000000000000000, S_00000292baf72720 {0 0 0};
    %end;
    .thread T_5;
    .scope S_00000292baf72720;
T_6 ;
    %pushi/vec4 0, 0, 1;
    %store/vec4 v00000292baffe170_0, 0, 1;
    %pushi/vec4 1, 0, 1;
    %store/vec4 v00000292bafa3020_0, 0, 1;
    %pushi/vec4 0, 0, 1;
    %store/vec4 v00000292bafa3200_0, 0, 1;
    %delay 10000, 0;
    %pushi/vec4 0, 0, 1;
    %store/vec4 v00000292bafa3020_0, 0, 1;
    %delay 300000, 0;
    %pushi/vec4 1, 0, 1;
    %store/vec4 v00000292bafa3200_0, 0, 1;
    %delay 150000, 0;
    %pushi/vec4 0, 0, 1;
    %store/vec4 v00000292bafa3200_0, 0, 1;
    %delay 300000, 0;
    %vpi_call 2 52 "$finish" {0 0 0};
    %end;
    .thread T_6;
# The file index is used to find the file name in the following table.
:file_names 4;
    "N/A";
    "<interactive>";
    "tb_traffic_light.v";
    "traffic_light_controller.v";
